<?xml version="1.0" encoding="UTF-8"?>
<testng-results ignored="0" total="1" passed="1" failed="0" skipped="0">
  <reporter-output>
  </reporter-output>
  <suite started-at="2024-01-18T14:34:54Z" name="Default suite" finished-at="2024-01-18T14:34:59Z" duration-ms="4487">
    <groups>
    </groups>
    <test started-at="2024-01-18T14:34:54Z" name="Default test" finished-at="2024-01-18T14:34:59Z" duration-ms="4487">
      <class name="test_Azure_pipline_package.test_pip">
        <test-method signature="test()[pri:0, instance:test_Azure_pipline_package.test_pip@2d6c53fc]" started-at="2024-01-18T14:34:54Z" name="test" finished-at="2024-01-18T14:34:59Z" duration-ms="4455" status="PASS">
          <reporter-output>
          </reporter-output>
        </test-method> <!-- test -->
      </class> <!-- test_Azure_pipline_package.test_pip -->
    </test> <!-- Default test -->
  </suite> <!-- Default suite -->
</testng-results>
